2023-08-06 11:57:55,385 INFO  Logger.cs: 70 - 
--------------------------------------------------------------------------------
2023-08-06 11:57:55,413 INFO  Logger.cs: 71 - Logging commencing for SW2URDF exporter
2023-08-06 11:57:55,415 INFO  Logger.cs: 73 - Commit version 1.6.0-4-g7f85cfe
2023-08-06 11:57:55,416 INFO  Logger.cs: 74 - Build version 1.6.7995.38578
2023-08-06 11:57:55,418 INFO  SwAddin.cs: 192 - Attempting to connect to SW
2023-08-06 11:57:55,418 INFO  SwAddin.cs: 197 - Setting up callbacks
2023-08-06 11:57:55,419 INFO  SwAddin.cs: 201 - Setting up command manager
2023-08-06 11:57:55,420 INFO  SwAddin.cs: 204 - Adding command manager
2023-08-06 11:57:55,423 INFO  SwAddin.cs: 263 - Adding Assembly export to file menu
2023-08-06 11:57:55,428 INFO  SwAddin.cs: 272 - Adding Part export to file menu
2023-08-06 11:57:55,429 INFO  SwAddin.cs: 210 - Adding event handlers
2023-08-06 11:57:55,431 INFO  SwAddin.cs: 217 - Connecting plugin to SolidWorks
2023-08-06 12:02:06,136 INFO  SwAddin.cs: 294 - Assembly export called for file jxz.SLDASM
2023-08-06 12:02:06,138 INFO  SwAddin.cs: 299 - Save is required
2023-08-06 12:02:06,139 INFO  SwAddin.cs: 313 - Saving assembly
2023-08-06 12:02:06,562 INFO  SwAddin.cs: 316 - Opening property manager
2023-08-06 12:02:06,584 INFO  ExportHelperExtension.cs: 1125 - Retrieving features of type [CoordSys] from jxz.SLDASM
2023-08-06 12:02:06,594 INFO  ExportHelperExtension.cs: 1136 - Found 24 in jxz.SLDASM
2023-08-06 12:02:06,595 INFO  ExportHelperExtension.cs: 1145 - Found 0 features of type [CoordSys] in jxz.SLDASM
2023-08-06 12:02:06,600 INFO  ExportHelperExtension.cs: 1148 - Proceeding through assembly components
2023-08-06 12:02:06,602 INFO  ExportHelperExtension.cs: 1160 - 9 components to check
2023-08-06 12:02:06,605 INFO  ExportHelperExtension.cs: 1125 - Retrieving features of type [CoordSys] from __.step-3
2023-08-06 12:02:06,606 INFO  ExportHelperExtension.cs: 1136 - Found 29 in __.step-3
2023-08-06 12:02:06,607 INFO  ExportHelperExtension.cs: 1145 - Found 0 features of type [CoordSys] in __.step-3
2023-08-06 12:02:06,608 INFO  ExportHelperExtension.cs: 1125 - Retrieving features of type [CoordSys] from __.step-1
2023-08-06 12:02:06,609 INFO  ExportHelperExtension.cs: 1136 - Found 29 in __.step-1
2023-08-06 12:02:06,610 INFO  ExportHelperExtension.cs: 1145 - Found 0 features of type [CoordSys] in __.step-1
2023-08-06 12:02:06,611 INFO  ExportHelperExtension.cs: 1125 - Retrieving features of type [CoordSys] from __.step-2
2023-08-06 12:02:06,611 INFO  ExportHelperExtension.cs: 1136 - Found 29 in __.step-2
2023-08-06 12:02:06,613 INFO  ExportHelperExtension.cs: 1145 - Found 0 features of type [CoordSys] in __.step-2
2023-08-06 12:02:06,613 INFO  ExportHelperExtension.cs: 1125 - Retrieving features of type [CoordSys] from __.step-4
2023-08-06 12:02:06,614 INFO  ExportHelperExtension.cs: 1136 - Found 29 in __.step-4
2023-08-06 12:02:06,615 INFO  ExportHelperExtension.cs: 1145 - Found 0 features of type [CoordSys] in __.step-4
2023-08-06 12:02:06,616 INFO  ExportHelperExtension.cs: 1125 - Retrieving features of type [CoordSys] from hexagon socket head cap screws gb_GB_FASTENER_SCREWS_HSHCS M4X6-N.step-1
2023-08-06 12:02:06,617 INFO  ExportHelperExtension.cs: 1136 - Found 29 in hexagon socket head cap screws gb_GB_FASTENER_SCREWS_HSHCS M4X6-N.step-1
2023-08-06 12:02:06,618 INFO  ExportHelperExtension.cs: 1145 - Found 0 features of type [CoordSys] in hexagon socket head cap screws gb_GB_FASTENER_SCREWS_HSHCS M4X6-N.step-1
2023-08-06 12:02:06,619 INFO  ExportHelperExtension.cs: 1125 - Retrieving features of type [CoordSys] from hexagon socket head cap screws gb_GB_FASTENER_SCREWS_HSHCS M4X6-N.step-2
2023-08-06 12:02:06,619 INFO  ExportHelperExtension.cs: 1136 - Found 29 in hexagon socket head cap screws gb_GB_FASTENER_SCREWS_HSHCS M4X6-N.step-2
2023-08-06 12:02:06,620 INFO  ExportHelperExtension.cs: 1145 - Found 0 features of type [CoordSys] in hexagon socket head cap screws gb_GB_FASTENER_SCREWS_HSHCS M4X6-N.step-2
2023-08-06 12:02:06,621 INFO  ExportHelperExtension.cs: 1125 - Retrieving features of type [CoordSys] from AG95________ .STEP.step-1
2023-08-06 12:02:06,622 INFO  ExportHelperExtension.cs: 1136 - Found 36 in AG95________ .STEP.step-1
2023-08-06 12:02:06,623 INFO  ExportHelperExtension.cs: 1145 - Found 0 features of type [CoordSys] in AG95________ .STEP.step-1
2023-08-06 12:02:06,624 INFO  ExportHelperExtension.cs: 1125 - Retrieving features of type [CoordSys] from hexagon socket head cap screws gb_GB_FASTENER_SCREWS_HSHCS M4X6-N.step-3
2023-08-06 12:02:06,625 INFO  ExportHelperExtension.cs: 1136 - Found 29 in hexagon socket head cap screws gb_GB_FASTENER_SCREWS_HSHCS M4X6-N.step-3
2023-08-06 12:02:06,626 INFO  ExportHelperExtension.cs: 1145 - Found 0 features of type [CoordSys] in hexagon socket head cap screws gb_GB_FASTENER_SCREWS_HSHCS M4X6-N.step-3
2023-08-06 12:02:06,626 INFO  ExportHelperExtension.cs: 1125 - Retrieving features of type [CoordSys] from hexagon socket head cap screws gb_GB_FASTENER_SCREWS_HSHCS M4X6-N.step-4
2023-08-06 12:02:06,627 INFO  ExportHelperExtension.cs: 1136 - Found 29 in hexagon socket head cap screws gb_GB_FASTENER_SCREWS_HSHCS M4X6-N.step-4
2023-08-06 12:02:06,628 INFO  ExportHelperExtension.cs: 1145 - Found 0 features of type [CoordSys] in hexagon socket head cap screws gb_GB_FASTENER_SCREWS_HSHCS M4X6-N.step-4
2023-08-06 12:02:06,629 INFO  ExportHelperExtension.cs: 1125 - Retrieving features of type [RefAxis] from jxz.SLDASM
2023-08-06 12:02:06,630 INFO  ExportHelperExtension.cs: 1136 - Found 24 in jxz.SLDASM
2023-08-06 12:02:06,630 INFO  ExportHelperExtension.cs: 1145 - Found 0 features of type [RefAxis] in jxz.SLDASM
2023-08-06 12:02:06,631 INFO  ExportHelperExtension.cs: 1148 - Proceeding through assembly components
2023-08-06 12:02:06,631 INFO  ExportHelperExtension.cs: 1160 - 9 components to check
2023-08-06 12:02:06,632 INFO  ExportHelperExtension.cs: 1125 - Retrieving features of type [RefAxis] from __.step-3
2023-08-06 12:02:06,633 INFO  ExportHelperExtension.cs: 1136 - Found 29 in __.step-3
2023-08-06 12:02:06,633 INFO  ExportHelperExtension.cs: 1145 - Found 0 features of type [RefAxis] in __.step-3
2023-08-06 12:02:06,634 INFO  ExportHelperExtension.cs: 1125 - Retrieving features of type [RefAxis] from __.step-1
2023-08-06 12:02:06,635 INFO  ExportHelperExtension.cs: 1136 - Found 29 in __.step-1
2023-08-06 12:02:06,635 INFO  ExportHelperExtension.cs: 1145 - Found 0 features of type [RefAxis] in __.step-1
2023-08-06 12:02:06,636 INFO  ExportHelperExtension.cs: 1125 - Retrieving features of type [RefAxis] from __.step-2
2023-08-06 12:02:06,636 INFO  ExportHelperExtension.cs: 1136 - Found 29 in __.step-2
2023-08-06 12:02:06,637 INFO  ExportHelperExtension.cs: 1145 - Found 0 features of type [RefAxis] in __.step-2
2023-08-06 12:02:06,638 INFO  ExportHelperExtension.cs: 1125 - Retrieving features of type [RefAxis] from __.step-4
2023-08-06 12:02:06,638 INFO  ExportHelperExtension.cs: 1136 - Found 29 in __.step-4
2023-08-06 12:02:06,639 INFO  ExportHelperExtension.cs: 1145 - Found 0 features of type [RefAxis] in __.step-4
2023-08-06 12:02:06,639 INFO  ExportHelperExtension.cs: 1125 - Retrieving features of type [RefAxis] from hexagon socket head cap screws gb_GB_FASTENER_SCREWS_HSHCS M4X6-N.step-1
2023-08-06 12:02:06,640 INFO  ExportHelperExtension.cs: 1136 - Found 29 in hexagon socket head cap screws gb_GB_FASTENER_SCREWS_HSHCS M4X6-N.step-1
2023-08-06 12:02:06,640 INFO  ExportHelperExtension.cs: 1145 - Found 0 features of type [RefAxis] in hexagon socket head cap screws gb_GB_FASTENER_SCREWS_HSHCS M4X6-N.step-1
2023-08-06 12:02:06,641 INFO  ExportHelperExtension.cs: 1125 - Retrieving features of type [RefAxis] from hexagon socket head cap screws gb_GB_FASTENER_SCREWS_HSHCS M4X6-N.step-2
2023-08-06 12:02:06,641 INFO  ExportHelperExtension.cs: 1136 - Found 29 in hexagon socket head cap screws gb_GB_FASTENER_SCREWS_HSHCS M4X6-N.step-2
2023-08-06 12:02:06,642 INFO  ExportHelperExtension.cs: 1145 - Found 0 features of type [RefAxis] in hexagon socket head cap screws gb_GB_FASTENER_SCREWS_HSHCS M4X6-N.step-2
2023-08-06 12:02:06,642 INFO  ExportHelperExtension.cs: 1125 - Retrieving features of type [RefAxis] from AG95________ .STEP.step-1
2023-08-06 12:02:06,643 INFO  ExportHelperExtension.cs: 1136 - Found 36 in AG95________ .STEP.step-1
2023-08-06 12:02:06,643 INFO  ExportHelperExtension.cs: 1145 - Found 0 features of type [RefAxis] in AG95________ .STEP.step-1
2023-08-06 12:02:06,644 INFO  ExportHelperExtension.cs: 1125 - Retrieving features of type [RefAxis] from hexagon socket head cap screws gb_GB_FASTENER_SCREWS_HSHCS M4X6-N.step-3
2023-08-06 12:02:06,644 INFO  ExportHelperExtension.cs: 1136 - Found 29 in hexagon socket head cap screws gb_GB_FASTENER_SCREWS_HSHCS M4X6-N.step-3
2023-08-06 12:02:06,644 INFO  ExportHelperExtension.cs: 1145 - Found 0 features of type [RefAxis] in hexagon socket head cap screws gb_GB_FASTENER_SCREWS_HSHCS M4X6-N.step-3
2023-08-06 12:02:06,645 INFO  ExportHelperExtension.cs: 1125 - Retrieving features of type [RefAxis] from hexagon socket head cap screws gb_GB_FASTENER_SCREWS_HSHCS M4X6-N.step-4
2023-08-06 12:02:06,645 INFO  ExportHelperExtension.cs: 1136 - Found 29 in hexagon socket head cap screws gb_GB_FASTENER_SCREWS_HSHCS M4X6-N.step-4
2023-08-06 12:02:06,646 INFO  ExportHelperExtension.cs: 1145 - Found 0 features of type [RefAxis] in hexagon socket head cap screws gb_GB_FASTENER_SCREWS_HSHCS M4X6-N.step-4
2023-08-06 12:02:06,885 INFO  SwAddin.cs: 339 - Loading config tree
2023-08-06 12:02:06,891 INFO  ExportPropertyManagerExtension.cs: 520 - Starting new configuration
2023-08-06 12:02:06,896 INFO  SwAddin.cs: 344 - Showing property manager
2023-08-06 12:03:51,924 INFO  ExportPropertyManager.cs: 422 - Configuration saved
2023-08-06 12:03:55,583 INFO  ExportHelperExtension.cs: 1125 - Retrieving features of type [CoordSys] from jxz.SLDASM
2023-08-06 12:03:55,586 INFO  ExportHelperExtension.cs: 1136 - Found 27 in jxz.SLDASM
2023-08-06 12:03:55,586 INFO  ExportHelperExtension.cs: 1145 - Found 1 features of type [CoordSys] in jxz.SLDASM
2023-08-06 12:03:55,587 INFO  ExportHelperExtension.cs: 1148 - Proceeding through assembly components
2023-08-06 12:03:55,588 INFO  ExportHelperExtension.cs: 1160 - 9 components to check
2023-08-06 12:03:55,588 INFO  ExportHelperExtension.cs: 1125 - Retrieving features of type [CoordSys] from __.step-3
2023-08-06 12:03:55,589 INFO  ExportHelperExtension.cs: 1136 - Found 29 in __.step-3
2023-08-06 12:03:55,589 INFO  ExportHelperExtension.cs: 1145 - Found 0 features of type [CoordSys] in __.step-3
2023-08-06 12:03:55,590 INFO  ExportHelperExtension.cs: 1125 - Retrieving features of type [CoordSys] from __.step-1
2023-08-06 12:03:55,590 INFO  ExportHelperExtension.cs: 1136 - Found 29 in __.step-1
2023-08-06 12:03:55,592 INFO  ExportHelperExtension.cs: 1145 - Found 0 features of type [CoordSys] in __.step-1
2023-08-06 12:03:55,593 INFO  ExportHelperExtension.cs: 1125 - Retrieving features of type [CoordSys] from __.step-2
2023-08-06 12:03:55,593 INFO  ExportHelperExtension.cs: 1136 - Found 29 in __.step-2
2023-08-06 12:03:55,594 INFO  ExportHelperExtension.cs: 1145 - Found 0 features of type [CoordSys] in __.step-2
2023-08-06 12:03:55,594 INFO  ExportHelperExtension.cs: 1125 - Retrieving features of type [CoordSys] from __.step-4
2023-08-06 12:03:55,594 INFO  ExportHelperExtension.cs: 1136 - Found 29 in __.step-4
2023-08-06 12:03:55,595 INFO  ExportHelperExtension.cs: 1145 - Found 0 features of type [CoordSys] in __.step-4
2023-08-06 12:03:55,596 INFO  ExportHelperExtension.cs: 1125 - Retrieving features of type [CoordSys] from hexagon socket head cap screws gb_GB_FASTENER_SCREWS_HSHCS M4X6-N.step-1
2023-08-06 12:03:55,597 INFO  ExportHelperExtension.cs: 1136 - Found 29 in hexagon socket head cap screws gb_GB_FASTENER_SCREWS_HSHCS M4X6-N.step-1
2023-08-06 12:03:55,597 INFO  ExportHelperExtension.cs: 1145 - Found 0 features of type [CoordSys] in hexagon socket head cap screws gb_GB_FASTENER_SCREWS_HSHCS M4X6-N.step-1
2023-08-06 12:03:55,598 INFO  ExportHelperExtension.cs: 1125 - Retrieving features of type [CoordSys] from hexagon socket head cap screws gb_GB_FASTENER_SCREWS_HSHCS M4X6-N.step-2
2023-08-06 12:03:55,598 INFO  ExportHelperExtension.cs: 1136 - Found 29 in hexagon socket head cap screws gb_GB_FASTENER_SCREWS_HSHCS M4X6-N.step-2
2023-08-06 12:03:55,599 INFO  ExportHelperExtension.cs: 1145 - Found 0 features of type [CoordSys] in hexagon socket head cap screws gb_GB_FASTENER_SCREWS_HSHCS M4X6-N.step-2
2023-08-06 12:03:55,599 INFO  ExportHelperExtension.cs: 1125 - Retrieving features of type [CoordSys] from AG95________ .STEP.step-1
2023-08-06 12:03:55,600 INFO  ExportHelperExtension.cs: 1136 - Found 36 in AG95________ .STEP.step-1
2023-08-06 12:03:55,601 INFO  ExportHelperExtension.cs: 1145 - Found 0 features of type [CoordSys] in AG95________ .STEP.step-1
2023-08-06 12:03:55,601 INFO  ExportHelperExtension.cs: 1125 - Retrieving features of type [CoordSys] from hexagon socket head cap screws gb_GB_FASTENER_SCREWS_HSHCS M4X6-N.step-3
2023-08-06 12:03:55,602 INFO  ExportHelperExtension.cs: 1136 - Found 29 in hexagon socket head cap screws gb_GB_FASTENER_SCREWS_HSHCS M4X6-N.step-3
2023-08-06 12:03:55,602 INFO  ExportHelperExtension.cs: 1145 - Found 0 features of type [CoordSys] in hexagon socket head cap screws gb_GB_FASTENER_SCREWS_HSHCS M4X6-N.step-3
2023-08-06 12:03:55,602 INFO  ExportHelperExtension.cs: 1125 - Retrieving features of type [CoordSys] from hexagon socket head cap screws gb_GB_FASTENER_SCREWS_HSHCS M4X6-N.step-4
2023-08-06 12:03:55,603 INFO  ExportHelperExtension.cs: 1136 - Found 29 in hexagon socket head cap screws gb_GB_FASTENER_SCREWS_HSHCS M4X6-N.step-4
2023-08-06 12:03:55,603 INFO  ExportHelperExtension.cs: 1145 - Found 0 features of type [CoordSys] in hexagon socket head cap screws gb_GB_FASTENER_SCREWS_HSHCS M4X6-N.step-4
2023-08-06 12:03:55,604 INFO  ExportHelperExtension.cs: 1125 - Retrieving features of type [RefAxis] from jxz.SLDASM
2023-08-06 12:03:55,604 INFO  ExportHelperExtension.cs: 1136 - Found 27 in jxz.SLDASM
2023-08-06 12:03:55,605 INFO  ExportHelperExtension.cs: 1145 - Found 0 features of type [RefAxis] in jxz.SLDASM
2023-08-06 12:03:55,605 INFO  ExportHelperExtension.cs: 1148 - Proceeding through assembly components
2023-08-06 12:03:55,606 INFO  ExportHelperExtension.cs: 1160 - 9 components to check
2023-08-06 12:03:55,606 INFO  ExportHelperExtension.cs: 1125 - Retrieving features of type [RefAxis] from __.step-3
2023-08-06 12:03:55,607 INFO  ExportHelperExtension.cs: 1136 - Found 29 in __.step-3
2023-08-06 12:03:55,607 INFO  ExportHelperExtension.cs: 1145 - Found 0 features of type [RefAxis] in __.step-3
2023-08-06 12:03:55,608 INFO  ExportHelperExtension.cs: 1125 - Retrieving features of type [RefAxis] from __.step-1
2023-08-06 12:03:55,608 INFO  ExportHelperExtension.cs: 1136 - Found 29 in __.step-1
2023-08-06 12:03:55,608 INFO  ExportHelperExtension.cs: 1145 - Found 0 features of type [RefAxis] in __.step-1
2023-08-06 12:03:55,609 INFO  ExportHelperExtension.cs: 1125 - Retrieving features of type [RefAxis] from __.step-2
2023-08-06 12:03:55,609 INFO  ExportHelperExtension.cs: 1136 - Found 29 in __.step-2
2023-08-06 12:03:55,610 INFO  ExportHelperExtension.cs: 1145 - Found 0 features of type [RefAxis] in __.step-2
2023-08-06 12:03:55,610 INFO  ExportHelperExtension.cs: 1125 - Retrieving features of type [RefAxis] from __.step-4
2023-08-06 12:03:55,611 INFO  ExportHelperExtension.cs: 1136 - Found 29 in __.step-4
2023-08-06 12:03:55,611 INFO  ExportHelperExtension.cs: 1145 - Found 0 features of type [RefAxis] in __.step-4
2023-08-06 12:03:55,612 INFO  ExportHelperExtension.cs: 1125 - Retrieving features of type [RefAxis] from hexagon socket head cap screws gb_GB_FASTENER_SCREWS_HSHCS M4X6-N.step-1
2023-08-06 12:03:55,612 INFO  ExportHelperExtension.cs: 1136 - Found 29 in hexagon socket head cap screws gb_GB_FASTENER_SCREWS_HSHCS M4X6-N.step-1
2023-08-06 12:03:55,613 INFO  ExportHelperExtension.cs: 1145 - Found 0 features of type [RefAxis] in hexagon socket head cap screws gb_GB_FASTENER_SCREWS_HSHCS M4X6-N.step-1
2023-08-06 12:03:55,613 INFO  ExportHelperExtension.cs: 1125 - Retrieving features of type [RefAxis] from hexagon socket head cap screws gb_GB_FASTENER_SCREWS_HSHCS M4X6-N.step-2
2023-08-06 12:03:55,614 INFO  ExportHelperExtension.cs: 1136 - Found 29 in hexagon socket head cap screws gb_GB_FASTENER_SCREWS_HSHCS M4X6-N.step-2
2023-08-06 12:03:55,614 INFO  ExportHelperExtension.cs: 1145 - Found 0 features of type [RefAxis] in hexagon socket head cap screws gb_GB_FASTENER_SCREWS_HSHCS M4X6-N.step-2
2023-08-06 12:03:55,615 INFO  ExportHelperExtension.cs: 1125 - Retrieving features of type [RefAxis] from AG95________ .STEP.step-1
2023-08-06 12:03:55,615 INFO  ExportHelperExtension.cs: 1136 - Found 36 in AG95________ .STEP.step-1
2023-08-06 12:03:55,616 INFO  ExportHelperExtension.cs: 1145 - Found 0 features of type [RefAxis] in AG95________ .STEP.step-1
2023-08-06 12:03:55,616 INFO  ExportHelperExtension.cs: 1125 - Retrieving features of type [RefAxis] from hexagon socket head cap screws gb_GB_FASTENER_SCREWS_HSHCS M4X6-N.step-3
2023-08-06 12:03:55,617 INFO  ExportHelperExtension.cs: 1136 - Found 29 in hexagon socket head cap screws gb_GB_FASTENER_SCREWS_HSHCS M4X6-N.step-3
2023-08-06 12:03:55,617 INFO  ExportHelperExtension.cs: 1145 - Found 0 features of type [RefAxis] in hexagon socket head cap screws gb_GB_FASTENER_SCREWS_HSHCS M4X6-N.step-3
2023-08-06 12:03:55,618 INFO  ExportHelperExtension.cs: 1125 - Retrieving features of type [RefAxis] from hexagon socket head cap screws gb_GB_FASTENER_SCREWS_HSHCS M4X6-N.step-4
2023-08-06 12:03:55,618 INFO  ExportHelperExtension.cs: 1136 - Found 29 in hexagon socket head cap screws gb_GB_FASTENER_SCREWS_HSHCS M4X6-N.step-4
2023-08-06 12:03:55,619 INFO  ExportHelperExtension.cs: 1145 - Found 0 features of type [RefAxis] in hexagon socket head cap screws gb_GB_FASTENER_SCREWS_HSHCS M4X6-N.step-4
2023-08-06 12:03:55,687 INFO  ExportPropertyManager.cs: 1142 - AfterClose called. This method no longer throws an Exception. It just silently does nothing. Ok, except for this logging message
2023-08-06 12:04:01,738 INFO  AssemblyExportForm.cs: 253 - Completing URDF export
2023-08-06 12:04:01,744 INFO  ConfigurationSerialization.cs: 276 - URDF Configuration found
<Link z:Id="i1" xmlns="http://schemas.datacontract.org/2004/07/SW2URDF" xmlns:i="http://www.w3.org/2001/XMLSchema-instance" xmlns:z="http://schemas.microsoft.com/2003/10/Serialization/"><Attributes><Attribute z:Id="i2"><AttributeType>name</AttributeType><IsRequired>true</IsRequired><Value i:type="a:string" xmlns:a="http://www.w3.org/2001/XMLSchema">base_link</Value></Attribute></Attributes><ChildElements><URDFElement z:Id="i3" i:type="Inertial"><Attributes/><ChildElements><URDFElement z:Id="i4" i:type="Origin"><Attributes><Attribute z:Id="i5"><AttributeType>xyz</AttributeType><IsRequired>true</IsRequired><Value i:type="a:ArrayOfdouble" xmlns:a="http://schemas.microsoft.com/2003/10/Serialization/Arrays"><a:double>0</a:double><a:double>0</a:double><a:double>0</a:double></Value></Attribute><Attribute z:Id="i6"><AttributeType>rpy</AttributeType><IsRequired>true</IsRequired><Value i:type="a:ArrayOfdouble" xmlns:a="http://schemas.microsoft.com/2003/10/Serialization/Arrays"><a:double>0</a:double><a:double>0</a:double><a:double>0</a:double></Value></Attribute></Attributes><ChildElements/><ElementName>origin</ElementName><required>false</required><RPYAttribute z:Ref="i6"/><XYZAttribute z:Ref="i5"/><isCustomized>false</isCustomized></URDFElement><URDFElement z:Id="i7" i:type="Mass"><Attributes><Attribute z:Id="i8"><AttributeType>value</AttributeType><IsRequired>true</IsRequired><Value i:type="a:double" xmlns:a="http://www.w3.org/2001/XMLSchema">0</Value></Attribute></Attributes><ChildElements/><ElementName>mass</ElementName><required>false</required><ValueAttribute z:Ref="i8"/></URDFElement><URDFElement z:Id="i9" i:type="Inertia"><Attributes><Attribute z:Id="i10"><AttributeType>ixx</AttributeType><IsRequired>true</IsRequired><Value i:type="a:double" xmlns:a="http://www.w3.org/2001/XMLSchema">0</Value></Attribute><Attribute z:Id="i11"><AttributeType>ixy</AttributeType><IsRequired>true</IsRequired><Value i:type="a:double" xmlns:a="http://www.w3.org/2001/XMLSchema">0</Value></Attribute><Attribute z:Id="i12"><AttributeType>ixz</AttributeType><IsRequired>true</IsRequired><Value i:type="a:double" xmlns:a="http://www.w3.org/2001/XMLSchema">0</Value></Attribute><Attribute z:Id="i13"><AttributeType>iyy</AttributeType><IsRequired>true</IsRequired><Value i:type="a:double" xmlns:a="http://www.w3.org/2001/XMLSchema">0</Value></Attribute><Attribute z:Id="i14"><AttributeType>iyz</AttributeType><IsRequired>true</IsRequired><Value i:type="a:double" xmlns:a="http://www.w3.org/2001/XMLSchema">0</Value></Attribute><Attribute z:Id="i15"><AttributeType>izz</AttributeType><IsRequired>true</IsRequired><Value i:type="a:double" xmlns:a="http://www.w3.org/2001/XMLSchema">0</Value></Attribute></Attributes><ChildElements/><ElementName>inertia</ElementName><required>false</required><IxxAttribute z:Ref="i10"/><IxyAttribute z:Ref="i11"/><IxzAttribute z:Ref="i12"/><IyyAttribute z:Ref="i13"/><IyzAttribute z:Ref="i14"/><IzzAttribute z:Ref="i15"/></URDFElement></ChildElements><ElementName>inertial</ElementName><required>false</required><Inertia z:Ref="i9"/><Mass z:Ref="i7"/><Origin z:Ref="i4"/></URDFElement><URDFElement z:Id="i16" i:type="Visual"><Attributes/><ChildElements><URDFElement z:Id="i17" i:type="Origin"><Attributes><Attribute z:Id="i18"><AttributeType>xyz</AttributeType><IsRequired>true</IsRequired><Value i:type="a:ArrayOfdouble" xmlns:a="http://schemas.microsoft.com/2003/10/Serialization/Arrays"><a:double>0</a:double><a:double>0</a:double><a:double>0</a:double></Value></Attribute><Attribute z:Id="i19"><AttributeType>rpy</AttributeType><IsRequired>true</IsRequired><Value i:type="a:ArrayOfdouble" xmlns:a="http://schemas.microsoft.com/2003/10/Serialization/Arrays"><a:double>0</a:double><a:double>0</a:double><a:double>0</a:double></Value></Attribute></Attributes><ChildElements/><ElementName>origin</ElementName><required>false</required><RPYAttribute z:Ref="i19"/><XYZAttribute z:Ref="i18"/><isCustomized>false</isCustomized></URDFElement><URDFElement z:Id="i20" i:type="Geometry"><Attributes/><ChildElements><URDFElement z:Id="i21" i:type="Mesh"><Attributes><Attribute z:Id="i22"><AttributeType>filename</AttributeType><IsRequired>true</IsRequired><Value i:nil="true"/></Attribute></Attributes><ChildElements/><ElementName>mesh</ElementName><required>false</required><FilenameAttribute z:Ref="i22"/></URDFElement></ChildElements><ElementName>geometry</ElementName><required>true</required><Mesh z:Ref="i21"/></URDFElement><URDFElement z:Id="i23" i:type="Material"><Attributes><Attribute z:Id="i24"><AttributeType>name</AttributeType><IsRequired>true</IsRequired><Value i:type="a:string" xmlns:a="http://www.w3.org/2001/XMLSchema"/></Attribute></Attributes><ChildElements><URDFElement z:Id="i25" i:type="Color"><Attributes><Attribute z:Id="i26"><AttributeType>rgba</AttributeType><IsRequired>true</IsRequired><Value i:type="a:ArrayOfdouble" xmlns:a="http://schemas.microsoft.com/2003/10/Serialization/Arrays"><a:double>1</a:double><a:double>1</a:double><a:double>1</a:double><a:double>1</a:double></Value></Attribute></Attributes><ChildElements/><ElementName>color</ElementName><required>false</required><RGBAAttribute z:Ref="i26"/></URDFElement><URDFElement z:Id="i27" i:type="Texture"><Attributes><Attribute z:Id="i28"><AttributeType>filename</AttributeType><IsRequired>true</IsRequired><Value i:nil="true"/></Attribute></Attributes><ChildElements/><ElementName>texture</ElementName><required>false</required><FilenameAttribute z:Ref="i28"/><wFilename/></URDFElement></ChildElements><ElementName>material</ElementName><required>false</required><Color z:Ref="i25"/><NameAttribute z:Ref="i24"/><Texture z:Ref="i27"/></URDFElement></ChildElements><ElementName>visual</ElementName><required>false</required><Geometry z:Ref="i20"/><Material z:Ref="i23"/><Origin z:Ref="i17"/></URDFElement><URDFElement z:Id="i29" i:type="Collision"><Attributes/><ChildElements><URDFElement z:Id="i30" i:type="Origin"><Attributes><Attribute z:Id="i31"><AttributeType>xyz</AttributeType><IsRequired>true</IsRequired><Value i:type="a:ArrayOfdouble" xmlns:a="http://schemas.microsoft.com/2003/10/Serialization/Arrays"><a:double>0</a:double><a:double>0</a:double><a:double>0</a:double></Value></Attribute><Attribute z:Id="i32"><AttributeType>rpy</AttributeType><IsRequired>true</IsRequired><Value i:type="a:ArrayOfdouble" xmlns:a="http://schemas.microsoft.com/2003/10/Serialization/Arrays"><a:double>0</a:double><a:double>0</a:double><a:double>0</a:double></Value></Attribute></Attributes><ChildElements/><ElementName>origin</ElementName><required>false</required><RPYAttribute z:Ref="i32"/><XYZAttribute z:Ref="i31"/><isCustomized>false</isCustomized></URDFElement><URDFElement z:Id="i33" i:type="Geometry"><Attributes/><ChildElements><URDFElement z:Id="i34" i:type="Mesh"><Attributes><Attribute z:Id="i35"><AttributeType>filename</AttributeType><IsRequired>true</IsRequired><Value i:nil="true"/></Attribute></Attributes><ChildElements/><ElementName>mesh</ElementName><required>false</required><FilenameAttribute z:Ref="i35"/></URDFElement></ChildElements><ElementName>geometry</ElementName><required>true</required><Mesh z:Ref="i34"/></URDFElement></ChildElements><ElementName>collision</ElementName><required>false</required><Geometry z:Ref="i33"/><Origin z:Ref="i30"/></URDFElement><URDFElement z:Id="i36" i:type="Joint"><Attributes><Attribute z:Id="i37"><AttributeType>name</AttributeType><IsRequired>true</IsRequired><Value i:type="a:string" xmlns:a="http://www.w3.org/2001/XMLSchema"/></Attribute><Attribute z:Id="i38"><AttributeType>type</AttributeType><IsRequired>true</IsRequired><Value i:type="a:string" xmlns:a="http://www.w3.org/2001/XMLSchema"/></Attribute></Attributes><ChildElements><URDFElement z:Id="i39" i:type="Origin"><Attributes><Attribute z:Id="i40"><AttributeType>xyz</AttributeType><IsRequired>true</IsRequired><Value i:type="a:ArrayOfdouble" xmlns:a="http://schemas.microsoft.com/2003/10/Serialization/Arrays"><a:double>0</a:double><a:double>0</a:double><a:double>0</a:double></Value></Attribute><Attribute z:Id="i41"><AttributeType>rpy</AttributeType><IsRequired>true</IsRequired><Value i:type="a:ArrayOfdouble" xmlns:a="http://schemas.microsoft.com/2003/10/Serialization/Arrays"><a:double>0</a:double><a:double>0</a:double><a:double>0</a:double></Value></Attribute></Attributes><ChildElements/><ElementName>origin</ElementName><required>false</required><RPYAttribute z:Ref="i41"/><XYZAttribute z:Ref="i40"/><isCustomized>false</isCustomized></URDFElement><URDFElement z:Id="i42" i:type="ParentLink"><Attributes><Attribute z:Id="i43"><AttributeType>link</AttributeType><IsRequired>true</IsRequired><Value i:type="a:string" xmlns:a="http://www.w3.org/2001/XMLSchema"/></Attribute></Attributes><ChildElements/><ElementName>parent</ElementName><required>true</required><NameAttribute z:Ref="i43"/></URDFElement><URDFElement z:Id="i44" i:type="ChildLink"><Attributes><Attribute z:Id="i45"><AttributeType>link</AttributeType><IsRequired>true</IsRequired><Value i:type="a:string" xmlns:a="http://www.w3.org/2001/XMLSchema"/></Attribute></Attributes><ChildElements/><ElementName>child</ElementName><required>true</required><NameAttribute z:Ref="i45"/></URDFElement><URDFElement z:Id="i46" i:type="Axis"><Attributes><Attribute z:Id="i47"><AttributeType>xyz</AttributeType><IsRequired>true</IsRequired><Value i:type="a:ArrayOfdouble" xmlns:a="http://schemas.microsoft.com/2003/10/Serialization/Arrays"><a:double>0</a:double><a:double>0</a:double><a:double>0</a:double></Value></Attribute></Attributes><ChildElements/><ElementName>axis</ElementName><required>false</required><XYZAttribute z:Ref="i47"/></URDFElement><URDFElement z:Id="i48" i:type="Limit"><Attributes><Attribute z:Id="i49"><AttributeType>lower</AttributeType><IsRequired>false</IsRequired><Value i:nil="true"/></Attribute><Attribute z:Id="i50"><AttributeType>upper</AttributeType><IsRequired>false</IsRequired><Value i:nil="true"/></Attribute><Attribute z:Id="i51"><AttributeType>effort</AttributeType><IsRequired>true</IsRequired><Value i:nil="true"/></Attribute><Attribute z:Id="i52"><AttributeType>velocity</AttributeType><IsRequired>true</IsRequired><Value i:nil="true"/></Attribute></Attributes><ChildElements/><ElementName>limit</ElementName><required>false</required><EffortAttribute z:Ref="i51"/><LowerAttribute z:Ref="i49"/><UpperAttribute z:Ref="i50"/><VelocityAttribute z:Ref="i52"/></URDFElement><URDFElement z:Id="i53" i:type="Calibration"><Attributes><Attribute z:Id="i54"><AttributeType>rising</AttributeType><IsRequired>false</IsRequired><Value i:nil="true"/></Attribute><Attribute z:Id="i55"><AttributeType>falling</AttributeType><IsRequired>false</IsRequired><Value i:nil="true"/></Attribute></Attributes><ChildElements/><ElementName>calibration</ElementName><required>false</required><FallingAttribute z:Ref="i55"/><RisingAttribute z:Ref="i54"/></URDFElement><URDFElement z:Id="i56" i:type="Dynamics"><Attributes><Attribute z:Id="i57"><AttributeType>damping</AttributeType><IsRequired>false</IsRequired><Value i:nil="true"/></Attribute><Attribute z:Id="i58"><AttributeType>friction</AttributeType><IsRequired>false</IsRequired><Value i:nil="true"/></Attribute></Attributes><ChildElements/><ElementName>dynamics</ElementName><required>false</required><DampingAttribute z:Ref="i57"/><FrictionAttribute z:Ref="i58"/></URDFElement><URDFElement z:Id="i59" i:type="SafetyController"><Attributes><Attribute z:Id="i60"><AttributeType>soft_upper_limit</AttributeType><IsRequired>false</IsRequired><Value i:nil="true"/></Attribute><Attribute z:Id="i61"><AttributeType>soft_lower_limit</AttributeType><IsRequired>false</IsRequired><Value i:nil="true"/></Attribute><Attribute z:Id="i62"><AttributeType>k_position</AttributeType><IsRequired>false</IsRequired><Value i:nil="true"/></Attribute><Attribute z:Id="i63"><AttributeType>k_velocity</AttributeType><IsRequired>true</IsRequired><Value i:nil="true"/></Attribute></Attributes><ChildElements/><ElementName>safety_controller</ElementName><required>false</required><KPositionAttribute z:Ref="i62"/><KVelocityAttribute z:Ref="i63"/><SoftLowerAttribute z:Ref="i61"/><SoftUpperAttribute z:Ref="i60"/></URDFElement><URDFElement z:Id="i64" i:type="Mimic"><Attributes><Attribute z:Id="i65"><AttributeType>joint</AttributeType><IsRequired>true</IsRequired><Value i:nil="true"/></Attribute><Attribute z:Id="i66"><AttributeType>multiplier</AttributeType><IsRequired>false</IsRequired><Value i:nil="true"/></Attribute><Attribute z:Id="i67"><AttributeType>offset</AttributeType><IsRequired>false</IsRequired><Value i:nil="true"/></Attribute></Attributes><ChildElements/><ElementName>mimic</ElementName><required>false</required><JointNameAttribute z:Ref="i65"/><MultiplierAttribute z:Ref="i66"/><OffsetAttribute z:Ref="i67"/></URDFElement></ChildElements><ElementName>joint</ElementName><required>false</required><Axis z:Ref="i46"/><AxisName/><Calibration z:Ref="i53"/><Child z:Ref="i44"/><CoordinateSystemName>Automatically Generate</CoordinateSystemName><Dynamics z:Ref="i56"/><Limit z:Ref="i48"/><Mimic z:Ref="i64"/><NameAttribute z:Ref="i37"/><Origin z:Ref="i39"/><Parent z:Ref="i42"/><Safety z:Ref="i59"/><TypeAttribute z:Ref="i38"/></URDFElement></ChildElements><ElementName>link</ElementName><required>true</required><Children/><Collision z:Ref="i29"/><Inertial z:Ref="i3"/><Joint z:Ref="i36"/><NameAttribute z:Ref="i2"/><Parent i:nil="true"/><STLQualityFine>false</STLQualityFine><SWComponentPIDs xmlns:a="http://schemas.microsoft.com/2003/10/Serialization/Arrays"><a:base64Binary>sDYAAAUAAAD//v9IQQBHADkANQBfAF8AXwBfAF8AXwBfAF8AIAAuAFMAVABFAFAALgBzAHQAZQBwAC0AMQBAAGoAeAB6AC8ARgBMAEEATgBHAEUALgBTAFQARQBQAC4AcwB0AGUAcAAtADEAQABBAEcAOQA1AF8AXwBfAF8AXwBfAF8AXwAgAC4AUwBUAEUAUAAuAHMAdABlAHAABAAAABAAAAABAAAAAgAAABEAAAARAAAA</a:base64Binary><a:base64Binary>sDYAAAUAAAD//v9VQQBHADkANQBfAF8AXwBfAF8AXwBfAF8AIAAuAFMAVABFAFAALgBzAHQAZQBwAC0AMQBAAGoAeAB6AC8AKAAtACkARgBpAG4AZwBlAHIAXwAyAEUAXwBWADMAXwAwADAAMQAuAFMAVABFAFAALgBzAHQAZQBwAC0AMgBAAEEARwA5ADUAXwBfAF8AXwBfAF8AXwBfACAALgBTAFQARQBQAC4AcwB0AGUAcAAEAAAAEAAAAAEAAAACAAAAEQAAAB4AAAA=</a:base64Binary><a:base64Binary>sDYAAAUAAAD//v9lQQBHADkANQBfAF8AXwBfAF8AXwBfAF8AIAAuAFMAVABFAFAALgBzAHQAZQBwAC0AMQBAAGoAeAB6AC8ARgBJAE4ARwBFAFIAXwBBAEQAQQBQAFQASQBWAEUAXwBMAEkATgBLAF8AdgAyAF8AMAAyAF8AMAAxAF8AMAAzAF8AMgA5AC4AUwBUAEUAUAAuAHMAdABlAHAALQAxAEAAQQBHADkANQBfAF8AXwBfAF8AXwBfAF8AIAAuAFMAVABFAFAALgBzAHQAZQBwAAQAAAAQAAAAAQAAAAIAAAARAAAAFAAAAA==</a:base64Binary><a:base64Binary>sDYAAAUAAAD//v9fQQBHADkANQBfAF8AXwBfAF8AXwBfAF8AIAAuAFMAVABFAFAALgBzAHQAZQBwAC0AMQBAAGoAeAB6AC8ARgBJAE4ARwBFAFIAXwBQAFIATwBYAEkATQBBAEwAXwBQAEgAQQBMAEEATgBYAF8AVgAzAF8AMgA5AC4AUwBUAEUAUAAuAHMAdABlAHAALQAxAEAAQQBHADkANQBfAF8AXwBfAF8AXwBfAF8AIAAuAFMAVABFAFAALgBzAHQAZQBwAAQAAAAQAAAAAQAAAAIAAAARAAAAEwAAAA==</a:base64Binary><a:base64Binary>sDYAAAUAAAD//v9XQQBHADkANQBfAF8AXwBfAF8AXwBfAF8AIAAuAFMAVABFAFAALgBzAHQAZQBwAC0AMQBAAGoAeAB6AC8AKAAtACkARgBJAE4ARwBFAFIAXwBDAFIAQQBOAEsAXwBWADMAXwAyADkALgBTAFQARQBQAC4AcwB0AGUAcAAtADEAQABBAEcAOQA1AF8AXwBfAF8AXwBfAF8AXwAgAC4AUwBUAEUAUAAuAHMAdABlAHAABAAAABAAAAABAAAAAgAAABEAAAAVAAAA</a:base64Binary><a:base64Binary>sDYAAAUAAAD//v9VQQBHADkANQBfAF8AXwBfAF8AXwBfAF8AIAAuAFMAVABFAFAALgBzAHQAZQBwAC0AMQBAAGoAeAB6AC8AKAAtACkARgBpAG4AZwBlAHIAXwAyAEUAXwBWADMAXwAwADAAMQAuAFMAVABFAFAALgBzAHQAZQBwAC0AMQBAAEEARwA5ADUAXwBfAF8AXwBfAF8AXwBfACAALgBTAFQARQBQAC4AcwB0AGUAcAAEAAAAEAAAAAEAAAACAAAAEQAAABYAAAA=</a:base64Binary><a:base64Binary>sDYAAAUAAAD//v9kQQBHADkANQBfAF8AXwBfAF8AXwBfAF8AIAAuAFMAVABFAFAALgBzAHQAZQBwAC0AMQBAAGoAeAB6AC8ARgBJAE4ARwBFAFIAXwBQAEEAUgBBAEwATABFAEwAXwBSAE8AQgBfAHYAMgBfADAAMgBfADAAMQBfADAAMwBfADIAOQAuAFMAVABFAFAALgBzAHQAZQBwAC0AMQBAAEEARwA5ADUAXwBfAF8AXwBfAF8AXwBfACAALgBTAFQARQBQAC4AcwB0AGUAcAAEAAAAEAAAAAEAAAACAAAAEQAAABcAAAA=</a:base64Binary><a:base64Binary>sDYAAAUAAAD//v9rQQBHADkANQBfAF8AXwBfAF8AXwBfAF8AIAAuAFMAVABFAFAALgBzAHQAZQBwAC0AMQBAAGoAeAB6AC8ARgBJAE4ARwBFAFIAXwBEAEkAUwBUAEEATABfAFAASABBAEwAQQBOAFgAXwB2ADIAXwAwADIAXwAwADEAXwAwADcAXwAwADcALgBzAHQAZQBwAC4AUwBUAEUAUAAuAHMAdABlAHAALQAxAEAAQQBHADkANQBfAF8AXwBfAF8AXwBfAF8AIAAuAFMAVABFAFAALgBzAHQAZQBwAAQAAAAQAAAAAQAAAAIAAAARAAAAIAAAAA==</a:base64Binary><a:base64Binary>sDYAAAUAAAD//v9hQQBHADkANQBfAF8AXwBfAF8AXwBfAF8AIAAuAFMAVABFAFAALgBzAHQAZQBwAC0AMQBAAGoAeAB6AC8ARgBJAE4ARwBFAFIAXwBGAEkATgBHAEUAUgBUAEkAUABfAHYAMgBfADAAMgBfADAAMQBfADAAMwBfADIAOQAuAFMAVABFAFAALgBzAHQAZQBwAC0AMQBAAEEARwA5ADUAXwBfAF8AXwBfAF8AXwBfACAALgBTAFQARQBQAC4AcwB0AGUAcAAEAAAAEAAAAAEAAAACAAAAEQAAABgAAAA=</a:base64Binary><a:base64Binary>sDYAAAUAAAD//v9fQQBHADkANQBfAF8AXwBfAF8AXwBfAF8AIAAuAFMAVABFAFAALgBzAHQAZQBwAC0AMQBAAGoAeAB6AC8ARgBJAE4ARwBFAFIAXwBQAFIATwBYAEkATQBBAEwAXwBQAEgAQQBMAEEATgBYAF8AVgAzAF8AMgA5AC4AUwBUAEUAUAAuAHMAdABlAHAALQAyAEAAQQBHADkANQBfAF8AXwBfAF8AXwBfAF8AIAAuAFMAVABFAFAALgBzAHQAZQBwAAQAAAAQAAAAAQAAAAIAAAARAAAAGgAAAA==</a:base64Binary><a:base64Binary>sDYAAAUAAAD//v9lQQBHADkANQBfAF8AXwBfAF8AXwBfAF8AIAAuAFMAVABFAFAALgBzAHQAZQBwAC0AMQBAAGoAeAB6AC8ARgBJAE4ARwBFAFIAXwBBAEQAQQBQAFQASQBWAEUAXwBMAEkATgBLAF8AdgAyAF8AMAAyAF8AMAAxAF8AMAAzAF8AMgA5AC4AUwBUAEUAUAAuAHMAdABlAHAALQAyAEAAQQBHADkANQBfAF8AXwBfAF8AXwBfAF8AIAAuAFMAVABFAFAALgBzAHQAZQBwAAQAAAAQAAAAAQAAAAIAAAARAAAAGwAAAA==</a:base64Binary><a:base64Binary>sDYAAAUAAAD//v9XQQBHADkANQBfAF8AXwBfAF8AXwBfAF8AIAAuAFMAVABFAFAALgBzAHQAZQBwAC0AMQBAAGoAeAB6AC8AKAAtACkARgBJAE4ARwBFAFIAXwBDAFIAQQBOAEsAXwBWADMAXwAyADkALgBTAFQARQBQAC4AcwB0AGUAcAAtADIAQABBAEcAOQA1AF8AXwBfAF8AXwBfAF8AXwAgAC4AUwBUAEUAUAAuAHMAdABlAHAABAAAABAAAAABAAAAAgAAABEAAAAdAAAA</a:base64Binary><a:base64Binary>sDYAAAUAAAD//v9kQQBHADkANQBfAF8AXwBfAF8AXwBfAF8AIAAuAFMAVABFAFAALgBzAHQAZQBwAC0AMQBAAGoAeAB6AC8ARgBJAE4ARwBFAFIAXwBQAEEAUgBBAEwATABFAEwAXwBSAE8AQgBfAHYAMgBfADAAMgBfADAAMQBfADAAMwBfADIAOQAuAFMAVABFAFAALgBzAHQAZQBwAC0AMgBAAEEARwA5ADUAXwBfAF8AXwBfAF8AXwBfACAALgBTAFQARQBQAC4AcwB0AGUAcAAEAAAAEAAAAAEAAAACAAAAEQAAABwAAAA=</a:base64Binary><a:base64Binary>sDYAAAUAAAD//v9hQQBHADkANQBfAF8AXwBfAF8AXwBfAF8AIAAuAFMAVABFAFAALgBzAHQAZQBwAC0AMQBAAGoAeAB6AC8ARgBJAE4ARwBFAFIAXwBGAEkATgBHAEUAUgBUAEkAUABfAHYAMgBfADAAMgBfADAAMQBfADAAMwBfADIAOQAuAFMAVABFAFAALgBzAHQAZQBwAC0AMgBAAEEARwA5ADUAXwBfAF8AXwBfAF8AXwBfACAALgBTAFQARQBQAC4AcwB0AGUAcAAEAAAAEAAAAAEAAAACAAAAEQAAABkAAAA=</a:base64Binary><a:base64Binary>sDYAAAUAAAD//v9rQQBHADkANQBfAF8AXwBfAF8AXwBfAF8AIAAuAFMAVABFAFAALgBzAHQAZQBwAC0AMQBAAGoAeAB6AC8ARgBJAE4ARwBFAFIAXwBEAEkAUwBUAEEATABfAFAASABBAEwAQQBOAFgAXwB2ADIAXwAwADIAXwAwADEAXwAwADcAXwAwADcALgBzAHQAZQBwAC4AUwBUAEUAUAAuAHMAdABlAHAALQAyAEAAQQBHADkANQBfAF8AXwBfAF8AXwBfAF8AIAAuAFMAVABFAFAALgBzAHQAZQBwAAQAAAAQAAAAAQAAAAIAAAARAAAAIQAAAA==</a:base64Binary><a:base64Binary>sDYAAAUAAAD//v8NXwBfAC4AcwB0AGUAcAAtADEAQABqAHgAegAEAAAAEAAAAAEAAAABAAAAFgAAAA==</a:base64Binary><a:base64Binary>sDYAAAUAAAD//v8NXwBfAC4AcwB0AGUAcAAtADIAQABqAHgAegAEAAAAEAAAAAEAAAABAAAAFwAAAA==</a:base64Binary><a:base64Binary>sDYAAAUAAAD//v+DQQBHADkANQBfAF8AXwBfAF8AXwBfAF8AIAAuAFMAVABFAFAALgBzAHQAZQBwAC0AMQBAAGoAeAB6AC8AaABlAHgAYQBnAG8AbgAgAHMAbwBjAGsAZQB0ACAAaABlAGEAZAAgAGMAYQBwACAAcwBjAHIAZQB3AHMAIABnAGIAXwBHAEIAXwBGAEEAUwBUAEUATgBFAFIAXwBTAEMAUgBFAFcAUwBfAEgAUwBIAEMAUwAgAE0AMwBYADUALQBOAC4AUwBUAEUAUAAuAHMAdABlAHAALQAzAEAAQQBHADkANQBfAF8AXwBfAF8AXwBfAF8AIAAuAFMAVABFAFAALgBzAHQAZQBwAAQAAAAQAAAAAQAAAAIAAAARAAAAJAAAAA==</a:base64Binary><a:base64Binary>sDYAAAUAAAD//v+DQQBHADkANQBfAF8AXwBfAF8AXwBfAF8AIAAuAFMAVABFAFAALgBzAHQAZQBwAC0AMQBAAGoAeAB6AC8AaABlAHgAYQBnAG8AbgAgAHMAbwBjAGsAZQB0ACAAaABlAGEAZAAgAGMAYQBwACAAcwBjAHIAZQB3AHMAIABnAGIAXwBHAEIAXwBGAEEAUwBUAEUATgBFAFIAXwBTAEMAUgBFAFcAUwBfAEgAUwBIAEMAUwAgAE0AMwBYADUALQBOAC4AUwBUAEUAUAAuAHMAdABlAHAALQA0AEAAQQBHADkANQBfAF8AXwBfAF8AXwBfAF8AIAAuAFMAVABFAFAALgBzAHQAZQBwAAQAAAAQAAAAAQAAAAIAAAARAAAAJQAAAA==</a:base64Binary><a:base64Binary>sDYAAAUAAAD//v8NXwBfAC4AcwB0AGUAcAAtADMAQABqAHgAegAEAAAAEAAAAAEAAAABAAAAGAAAAA==</a:base64Binary><a:base64Binary>sDYAAAUAAAD//v8NXwBfAC4AcwB0AGUAcAAtADQAQABqAHgAegAEAAAAEAAAAAEAAAABAAAAGQAAAA==</a:base64Binary><a:base64Binary>sDYAAAUAAAD//v+DQQBHADkANQBfAF8AXwBfAF8AXwBfAF8AIAAuAFMAVABFAFAALgBzAHQAZQBwAC0AMQBAAGoAeAB6AC8AaABlAHgAYQBnAG8AbgAgAHMAbwBjAGsAZQB0ACAAaABlAGEAZAAgAGMAYQBwACAAcwBjAHIAZQB3AHMAIABnAGIAXwBHAEIAXwBGAEEAUwBUAEUATgBFAFIAXwBTAEMAUgBFAFcAUwBfAEgAUwBIAEMAUwAgAE0AMwBYADUALQBOAC4AUwBUAEUAUAAuAHMAdABlAHAALQAxAEAAQQBHADkANQBfAF8AXwBfAF8AXwBfAF8AIAAuAFMAVABFAFAALgBzAHQAZQBwAAQAAAAQAAAAAQAAAAIAAAARAAAAIgAAAA==</a:base64Binary><a:base64Binary>sDYAAAUAAAD//v+DQQBHADkANQBfAF8AXwBfAF8AXwBfAF8AIAAuAFMAVABFAFAALgBzAHQAZQBwAC0AMQBAAGoAeAB6AC8AaABlAHgAYQBnAG8AbgAgAHMAbwBjAGsAZQB0ACAAaABlAGEAZAAgAGMAYQBwACAAcwBjAHIAZQB3AHMAIABnAGIAXwBHAEIAXwBGAEEAUwBUAEUATgBFAFIAXwBTAEMAUgBFAFcAUwBfAEgAUwBIAEMAUwAgAE0AMwBYADUALQBOAC4AUwBUAEUAUAAuAHMAdABlAHAALQAyAEAAQQBHADkANQBfAF8AXwBfAF8AXwBfAF8AIAAuAFMAVABFAFAALgBzAHQAZQBwAAQAAAAQAAAAAQAAAAIAAAARAAAAIwAAAA==</a:base64Binary><a:base64Binary>sDYAAAUAAAD//v9MaABlAHgAYQBnAG8AbgAgAHMAbwBjAGsAZQB0ACAAaABlAGEAZAAgAGMAYQBwACAAcwBjAHIAZQB3AHMAIABnAGIAXwBHAEIAXwBGAEEAUwBUAEUATgBFAFIAXwBTAEMAUgBFAFcAUwBfAEgAUwBIAEMAUwAgAE0ANABYADYALQBOAC4AcwB0AGUAcAAtADMAQABqAHgAegAEAAAAEAAAAAEAAAABAAAAFAAAAA==</a:base64Binary><a:base64Binary>sDYAAAUAAAD//v9MaABlAHgAYQBnAG8AbgAgAHMAbwBjAGsAZQB0ACAAaABlAGEAZAAgAGMAYQBwACAAcwBjAHIAZQB3AHMAIABnAGIAXwBHAEIAXwBGAEEAUwBUAEUATgBFAFIAXwBTAEMAUgBFAFcAUwBfAEgAUwBIAEMAUwAgAE0ANABYADYALQBOAC4AcwB0AGUAcAAtADQAQABqAHgAegAEAAAAEAAAAAEAAAABAAAAFQAAAA==</a:base64Binary><a:base64Binary>sDYAAAUAAAD//v9MaABlAHgAYQBnAG8AbgAgAHMAbwBjAGsAZQB0ACAAaABlAGEAZAAgAGMAYQBwACAAcwBjAHIAZQB3AHMAIABnAGIAXwBHAEIAXwBGAEEAUwBUAEUATgBFAFIAXwBTAEMAUgBFAFcAUwBfAEgAUwBIAEMAUwAgAE0ANABYADYALQBOAC4AcwB0AGUAcAAtADEAQABqAHgAegAEAAAAEAAAAAEAAAABAAAAEgAAAA==</a:base64Binary><a:base64Binary>sDYAAAUAAAD//v9MaABlAHgAYQBnAG8AbgAgAHMAbwBjAGsAZQB0ACAAaABlAGEAZAAgAGMAYQBwACAAcwBjAHIAZQB3AHMAIABnAGIAXwBHAEIAXwBGAEEAUwBUAEUATgBFAFIAXwBTAEMAUgBFAFcAUwBfAEgAUwBIAEMAUwAgAE0ANABYADYALQBOAC4AcwB0AGUAcAAtADIAQABqAHgAegAEAAAAEAAAAAEAAAABAAAAEwAAAA==</a:base64Binary><a:base64Binary>sDYAAAUAAAD//v9DQQBHADkANQBfAF8AXwBfAF8AXwBfAF8AIAAuAFMAVABFAFAALgBzAHQAZQBwAC0AMQBAAGoAeAB6AC8AQQAuAFMAVABFAFAALgBzAHQAZQBwAC0AMQBAAEEARwA5ADUAXwBfAF8AXwBfAF8AXwBfACAALgBTAFQARQBQAC4AcwB0AGUAcAAEAAAAEAAAAAEAAAACAAAAEQAAAB8AAAA=</a:base64Binary></SWComponentPIDs><SWMainComponentPID i:nil="true"/><Visual z:Ref="i16"/><isFixedFrame>false</isFixedFrame><isIncomplete>false</isIncomplete></Link>
2023-08-06 12:04:26,153 INFO  AssemblyExportForm.cs: 309 - Saving URDF package to C:\Users\Administrator\Desktop\机械结构\jxz
2023-08-06 12:04:26,156 INFO  ExportHelper.cs: 147 - Beginning the export process
2023-08-06 12:04:26,161 INFO  ExportHelper.cs: 153 - Creating package directories with name jxz and save path C:\Users\Administrator\Desktop\机械结构
2023-08-06 12:04:27,625 INFO  ExportHelper.cs: 162 - Creating CMakeLists.txt at C:\Users\Administrator\Desktop\机械结构\jxz\CMakeLists.txt
2023-08-06 12:04:27,632 INFO  ExportHelper.cs: 166 - Creating joint names config at C:\Users\Administrator\Desktop\机械结构\jxz\config\joint_names_jxz.yaml
2023-08-06 12:04:27,636 INFO  ExportHelper.cs: 170 - Creating package.xml at C:\Users\Administrator\Desktop\机械结构\jxz\package.xml
2023-08-06 12:04:27,637 INFO  PackageXMLWriter.cs: 21 - Creating package.xml at C:\Users\Administrator\Desktop\机械结构\jxz\package.xml
2023-08-06 12:04:27,643 INFO  ExportHelper.cs: 177 - Creating RVIZ launch file in C:\Users\Administrator\Desktop\机械结构\jxz\launch\
2023-08-06 12:04:27,647 INFO  ExportHelper.cs: 182 - Creating Gazebo launch file in C:\Users\Administrator\Desktop\机械结构\jxz\launch\
2023-08-06 12:04:27,650 INFO  ExportHelper.cs: 187 - Saving existing STL preferences
2023-08-06 12:04:27,652 INFO  ExportHelper.cs: 450 - Saving users preferences
2023-08-06 12:04:27,654 INFO  ExportHelper.cs: 190 - Modifying STL preferences
2023-08-06 12:04:27,656 INFO  ExportHelper.cs: 464 - Setting STL preferences
2023-08-06 12:04:27,743 INFO  ExportHelper.cs: 196 - Found 0 hidden components 
2023-08-06 12:04:27,743 INFO  ExportHelper.cs: 197 - Hiding all components
2023-08-06 12:04:27,891 INFO  ExportHelper.cs: 204 - Beginning individual files export
2023-08-06 12:04:27,896 INFO  ExportHelper.cs: 270 - Exporting link: base_link
2023-08-06 12:04:27,897 INFO  ExportHelper.cs: 272 - Link base_link has 0 children
2023-08-06 12:04:27,899 INFO  ExportHelper.cs: 317 - base_link: Exporting STL with coordinate frame Origin_global
2023-08-06 12:04:27,900 INFO  ExportHelper.cs: 322 - base_link: Reference geometry name 
2023-08-06 12:04:28,431 INFO  ExportHelper.cs: 330 - Saving STL to C:\Users\Administrator\Desktop\机械结构\jxz\meshes\base_link.STL
2023-08-06 12:04:30,262 INFO  ExportHelper.cs: 405 - Removing SW header in STL file
2023-08-06 12:04:30,263 INFO  ExportHelper.cs: 145 - Showing all components except previously hidden components
2023-08-06 12:04:30,798 INFO  ExportHelper.cs: 145 - Resetting STL preferences
2023-08-06 12:04:30,799 INFO  ExportHelper.cs: 478 - Returning STL preferences to user preferences
2023-08-06 12:04:30,800 INFO  ExportHelper.cs: 228 - Writing URDF file to C:\Users\Administrator\Desktop\机械结构\jxz\urdf\jxz.urdf
2023-08-06 12:04:30,805 INFO  CSVImportExport.cs: 32 - Writing CSV file C:\Users\Administrator\Desktop\机械结构\jxz\urdf\jxz.csv
2023-08-06 12:04:30,834 ERROR CSVImportExport.cs: 130 - The following columns were not written to the CSV: Link.Joint.ChildLink.link,
2023-08-06 12:04:30,835 INFO  ExportHelper.cs: 234 - Copying log file
2023-08-06 12:04:30,839 INFO  ExportHelper.cs: 439 - Copying C:\Users\Administrator\sw2urdf_logs\sw2urdf.log to C:\Users\Administrator\Desktop\机械结构\jxz\export.log
